<?xml version="1.0" encoding="UTF-8"?>
<!-- Generated by org.testng.reporters.JUnitReportReporter -->
<testsuite hostname="DESKTOP-3MGOJMQ" failures="0" tests="1" name="com.ArduShop.Tests.LanguageTest" time="9.301" errors="0" timestamp="2023-03-03T16:12:46 EET" skipped="0">
  <testcase classname="com.ArduShop.Tests.LanguageTest" name="CheckLanguage" time="9.301"/>
  <system-out/>
</testsuite> <!-- com.ArduShop.Tests.LanguageTest -->
