<?xml version="1.0" encoding="UTF-8"?>
<!-- Generated by org.testng.reporters.JUnitReportReporter -->
<testsuite hostname="DESKTOP-3MGOJMQ" failures="0" tests="1" name="com.ArduShop.Tests.WishListMessageTest" time="16.855" errors="0" timestamp="2023-03-03T16:12:46 EET" skipped="0">
  <testcase classname="com.ArduShop.Tests.WishListMessageTest" name="MessageWishList" time="16.855"/>
  <system-out/>
</testsuite> <!-- com.ArduShop.Tests.WishListMessageTest -->
